c:\users\funfel\documents\visual studio 2015\projects\rpg 1\rpg 1\debug\vc140.pdb
c:\users\funfel\documents\visual studio 2015\projects\rpg 1\rpg 1\debug\vc140.idb
c:\users\funfel\documents\visual studio 2015\projects\rpg 1\rpg 1\debug\bob.obj
c:\users\funfel\documents\visual studio 2015\projects\rpg 1\rpg 1\debug\draw.obj
c:\users\funfel\documents\visual studio 2015\projects\rpg 1\rpg 1\debug\engine.obj
c:\users\funfel\documents\visual studio 2015\projects\rpg 1\rpg 1\debug\input.obj
c:\users\funfel\documents\visual studio 2015\projects\rpg 1\rpg 1\debug\main.obj
c:\users\funfel\documents\visual studio 2015\projects\rpg 1\rpg 1\debug\map.obj
c:\users\funfel\documents\visual studio 2015\projects\rpg 1\rpg 1\debug\update.obj
c:\users\funfel\documents\visual studio 2015\projects\rpg 1\rpg 1\debug\walkdown.obj
c:\users\funfel\documents\visual studio 2015\projects\rpg 1\rpg 1\debug\walkleft.obj
c:\users\funfel\documents\visual studio 2015\projects\rpg 1\rpg 1\debug\walkright.obj
c:\users\funfel\documents\visual studio 2015\projects\rpg 1\rpg 1\debug\walkup.obj
c:\users\funfel\documents\visual studio 2015\projects\rpg 1\debug\rpg 1.ilk
c:\users\funfel\documents\visual studio 2015\projects\rpg 1\debug\rpg 1.exe
c:\users\funfel\documents\visual studio 2015\projects\rpg 1\debug\rpg 1.pdb
c:\users\funfel\documents\visual studio 2015\projects\rpg 1\rpg 1\debug\rpg 1.tlog\cl.command.1.tlog
c:\users\funfel\documents\visual studio 2015\projects\rpg 1\rpg 1\debug\rpg 1.tlog\cl.read.1.tlog
c:\users\funfel\documents\visual studio 2015\projects\rpg 1\rpg 1\debug\rpg 1.tlog\cl.write.1.tlog
c:\users\funfel\documents\visual studio 2015\projects\rpg 1\rpg 1\debug\rpg 1.tlog\link.command.1.tlog
c:\users\funfel\documents\visual studio 2015\projects\rpg 1\rpg 1\debug\rpg 1.tlog\link.read.1.tlog
c:\users\funfel\documents\visual studio 2015\projects\rpg 1\rpg 1\debug\rpg 1.tlog\link.write.1.tlog
